app/manifest-merger-release-report.txt
-- Merging decision tree log ---
manifest
ADDED from AndroidManifest.xml:2:1
	xmlns:android
		ADDED from AndroidManifest.xml:2:11
	package
		ADDED from AndroidManifest.xml:3:11
		INJECTED from AndroidManifest.xml:0:0
		INJECTED from AndroidManifest.xml:0:0
	android:versionName
		INJECTED from AndroidManifest.xml:0:0
		INJECTED from AndroidManifest.xml:0:0
	android:versionCode
		INJECTED from AndroidManifest.xml:0:0
		INJECTED from AndroidManifest.xml:0:0
uses-permission#android.permission.INTERNET
ADDED from AndroidManifest.xml:5:5
MERGED from com.github.asne:asne-twitter:0.3.3:12:5
MERGED from com.github.asne:asne-core:0.3.3:13:5
MERGED from com.github.asne:asne-facebook:0.3.3:12:5
MERGED from com.github.asne:asne-core:0.3.3:13:5
MERGED from com.github.asne:asne-linkedin:0.3.3:12:5
MERGED from com.github.asne:asne-core:0.3.3:13:5
	android:name
		ADDED from AndroidManifest.xml:5:22
uses-permission#android.permission.ACCESS_NETWORK_STATE
ADDED from AndroidManifest.xml:6:5
	android:name
		ADDED from AndroidManifest.xml:6:22
application
ADDED from AndroidManifest.xml:8:5
MERGED from com.android.support:appcompat-v7:21.0.3:16:5
MERGED from com.android.support:support-v4:21.0.3:16:5
MERGED from com.github.asne:asne-twitter:0.3.3:15:5
MERGED from com.github.asne:asne-core:0.3.3:16:5
MERGED from com.android.support:appcompat-v7:21.0.3:16:5
MERGED from com.android.support:support-v4:21.0.3:16:5
MERGED from com.android.support:appcompat-v7:21.0.3:16:5
MERGED from com.android.support:support-v4:21.0.3:16:5
MERGED from com.github.asne:asne-facebook:0.3.3:15:5
MERGED from com.facebook.android:facebook-android-sdk:3.19.1:24:5
MERGED from com.android.support:support-v4:21.0.3:16:5
MERGED from com.github.asne:asne-core:0.3.3:16:5
MERGED from com.android.support:appcompat-v7:21.0.3:16:5
MERGED from com.android.support:support-v4:21.0.3:16:5
MERGED from com.android.support:appcompat-v7:21.0.3:16:5
MERGED from com.android.support:support-v4:21.0.3:16:5
MERGED from com.github.asne:asne-linkedin:0.3.3:15:5
MERGED from com.github.asne:asne-core:0.3.3:16:5
MERGED from com.android.support:appcompat-v7:21.0.3:16:5
MERGED from com.android.support:support-v4:21.0.3:16:5
MERGED from com.android.support:appcompat-v7:21.0.3:16:5
MERGED from com.android.support:support-v4:21.0.3:16:5
	android:label
		ADDED from AndroidManifest.xml:11:9
	android:allowBackup
		ADDED from AndroidManifest.xml:9:9
	android:icon
		ADDED from AndroidManifest.xml:10:9
	android:theme
		ADDED from AndroidManifest.xml:12:9
activity#bulgakov.arthur.crosspost.ActivityMain
ADDED from AndroidManifest.xml:13:9
	android:label
		ADDED from AndroidManifest.xml:15:13
	android:name
		ADDED from AndroidManifest.xml:14:13
intent-filter#android.intent.action.MAIN+android.intent.category.LAUNCHER
ADDED from AndroidManifest.xml:16:13
action#android.intent.action.MAIN
ADDED from AndroidManifest.xml:17:17
	android:name
		ADDED from AndroidManifest.xml:17:25
category#android.intent.category.LAUNCHER
ADDED from AndroidManifest.xml:19:17
	android:name
		ADDED from AndroidManifest.xml:19:27
meta-data#com.facebook.sdk.ApplicationId
ADDED from AndroidManifest.xml:23:9
	android:name
		ADDED from AndroidManifest.xml:24:13
	android:value
		ADDED from AndroidManifest.xml:25:13
uses-sdk
INJECTED from AndroidManifest.xml:0:0 reason: use-sdk injection requested
MERGED from com.android.support:appcompat-v7:21.0.3:15:5
MERGED from com.android.support:support-v4:21.0.3:15:5
MERGED from com.github.asne:asne-twitter:0.3.3:8:5
MERGED from com.github.asne:asne-core:0.3.3:8:5
MERGED from com.android.support:appcompat-v7:21.0.3:15:5
MERGED from com.android.support:support-v4:21.0.3:15:5
MERGED from com.android.support:appcompat-v7:21.0.3:15:5
MERGED from com.android.support:support-v4:21.0.3:15:5
MERGED from com.github.asne:asne-facebook:0.3.3:8:5
MERGED from com.facebook.android:facebook-android-sdk:3.19.1:20:5
MERGED from com.android.support:support-v4:21.0.3:15:5
MERGED from com.github.asne:asne-core:0.3.3:8:5
MERGED from com.android.support:appcompat-v7:21.0.3:15:5
MERGED from com.android.support:support-v4:21.0.3:15:5
MERGED from com.android.support:appcompat-v7:21.0.3:15:5
MERGED from com.android.support:support-v4:21.0.3:15:5
MERGED from com.github.asne:asne-linkedin:0.3.3:8:5
MERGED from com.github.asne:asne-core:0.3.3:8:5
MERGED from com.android.support:appcompat-v7:21.0.3:15:5
MERGED from com.android.support:support-v4:21.0.3:15:5
MERGED from com.android.support:appcompat-v7:21.0.3:15:5
MERGED from com.android.support:support-v4:21.0.3:15:5
	android:targetSdkVersion
		INJECTED from AndroidManifest.xml:0:0
		INJECTED from AndroidManifest.xml:0:0
	android:minSdkVersion
		INJECTED from AndroidManifest.xml:0:0
		INJECTED from AndroidManifest.xml:0:0
uses-permission#android.permission.READ_EXTERNAL_STORAGE
ADDED from com.github.asne:asne-twitter:0.3.3:13:5
MERGED from com.github.asne:asne-core:0.3.3:14:5
MERGED from com.github.asne:asne-facebook:0.3.3:13:5
MERGED from com.github.asne:asne-core:0.3.3:14:5
MERGED from com.github.asne:asne-linkedin:0.3.3:13:5
MERGED from com.github.asne:asne-core:0.3.3:14:5
	android:name
		ADDED from com.github.asne:asne-twitter:0.3.3:13:22
activity#com.github.gorbin.asne.core.OAuthActivity
ADDED from com.github.asne:asne-core:0.3.3:17:9
MERGED from com.github.asne:asne-core:0.3.3:17:9
MERGED from com.github.asne:asne-core:0.3.3:17:9
	android:theme
		ADDED from com.github.asne:asne-core:0.3.3:19:13
	android:name
		ADDED from com.github.asne:asne-core:0.3.3:18:13
activity#com.facebook.LoginActivity
ADDED from com.github.asne:asne-facebook:0.3.3:16:9
	android:theme
		ADDED from com.github.asne:asne-facebook:0.3.3:18:13
	android:name
		ADDED from com.github.asne:asne-facebook:0.3.3:17:13